\BOOKMARK [0][-]{chapter*.1}{\376\377\000A\000b\000s\000t\000r\000a\000c\000t}{}% 1
\BOOKMARK [0][-]{chapter.1}{\376\377\000I\000n\000t\000r\000o\000d\000u\000c\000e\000r\000e}{}% 2
\BOOKMARK [1][-]{section.1.1}{\376\377\000M\000o\000t\000i\000v\000a\000t\000i\000a\000\040\000s\000i\000\040\000c\000o\000n\000t\000e\000x\000t\000u\000l\000\040\000l\000u\000c\000r\000a\000r\000i\000i}{chapter.1}% 3
\BOOKMARK [1][-]{section.1.2}{\376\377\000O\000b\000i\000e\000c\000t\000i\000v\000e\000l\000e\000\040\000l\000u\000c\000r\000a\000r\000i\000i}{chapter.1}% 4
\BOOKMARK [1][-]{section.1.3}{\376\377\000S\000t\000r\000u\000c\000t\000u\000r\000a\000\040\000l\000u\000c\000r\000a\000r\000i\000i}{chapter.1}% 5
\BOOKMARK [0][-]{chapter.2}{\376\377\000P\000r\000e\000l\000i\000m\000i\000n\000a\000r\000i\000i}{}% 6
\BOOKMARK [1][-]{section.2.1}{\376\377\000S\000e\000r\000i\000i\000\040\000t\000e\000m\000p\000o\000r\000a\000l\000e\000\040\000m\000u\000l\000t\000i\000v\000a\000r\000i\000a\000t\000e}{chapter.2}% 7
\BOOKMARK [1][-]{section.2.2}{\376\377\000M\000o\000d\000e\000l\000u\000l\000\040\000v\000e\000c\000t\000o\000r\000\040\000a\000u\000t\000o\000r\000e\000g\000r\000e\000s\000i\000v}{chapter.2}% 8
\BOOKMARK [2][-]{subsection.2.2.1}{\376\377\000E\000s\000t\000i\000m\000a\000r\000e\000a\000\040\000p\000a\000r\000a\000m\000e\000t\000r\000i\000l\000o\000r}{section.2.2}% 9
\BOOKMARK [2][-]{subsection.2.2.2}{\376\377\000S\000e\000l\000e\000c\000t\000i\000a\000\040\000o\000r\000d\000i\000n\000u\000l\000u\000i}{section.2.2}% 10
\BOOKMARK [1][-]{section.2.3}{\376\377\000D\000i\000s\000t\000r\000i\000b\000u\000t\000i\000a\000\040\000g\000a\000u\000s\000s\000i\000a\000n\000a\000\040\000m\000u\000l\000t\000i\000v\000a\000r\000i\000a\000t\000a\000\040\000s\000i\000\040\000i\000n\000d\000e\000p\000e\000n\000d\000e\000n\000t\000a\000\040\000c\000o\000n\000d\000i\000t\000i\000o\000n\000a\000l\000a}{chapter.2}% 11
\BOOKMARK [1][-]{section.2.4}{\376\377\000G\000r\000a\000f\000u\000r\000i\000\040\000g\000a\000u\000s\000s\000i\000e\000n\000e\000\040\000M\000a\000r\000k\000o\000v}{chapter.2}% 12
\BOOKMARK [1][-]{section.2.5}{\376\377\000N\000o\000r\000m\000a\000\040\000l\0001\000\040\000s\000i\000\040\000s\000p\000a\000r\000s\000i\000t\000a\000t\000e}{chapter.2}% 13
\BOOKMARK [1][-]{section.2.6}{\376\377\000M\000a\000s\000u\000r\000i\000\040\000d\000e\000\040\000c\000e\000n\000t\000r\000a\000l\000i\000t\000a\000t\000e\000\040\000i\000n\000\040\000g\000r\000a\000f\000u\000r\000i}{chapter.2}% 14
\BOOKMARK [0][-]{chapter.3}{\376\377\000D\000a\000t\000e\000l\000e\000\040\000u\000t\000i\000l\000i\000z\000a\000t\000e}{}% 15
\BOOKMARK [1][-]{section.3.1}{\376\377\000S\000e\000l\000e\000c\000t\000i\000a\000\040\000a\000c\000t\000i\000v\000e\000l\000o\000r}{chapter.3}% 16
\BOOKMARK [1][-]{section.3.2}{\376\377\000C\000o\000l\000e\000c\000t\000a\000r\000e\000a\000\040\000s\000i\000\040\000p\000r\000e\000p\000r\000o\000c\000e\000s\000a\000r\000e\000a\000\040\000d\000a\000t\000e\000l\000o\000r}{chapter.3}% 17
\BOOKMARK [1][-]{section.3.3}{\376\377\000T\000r\000a\000s\000a\000b\000i\000l\000i\000t\000a\000t\000e\000a\000\040\000f\000i\000s\000i\000e\000r\000e\000l\000o\000r}{chapter.3}% 18
\BOOKMARK [1][-]{section.3.4}{\376\377\000P\000e\000r\000i\000o\000a\000d\000a\000\040\000s\000i\000\040\000f\000r\000e\000c\000v\000e\000n\000t\000a\000\040\000d\000e\000\040\000o\000b\000s\000e\000r\000v\000a\000t\000i\000e}{chapter.3}% 19
\BOOKMARK [1][-]{section.3.5}{\376\377\000P\000r\000e\000p\000r\000o\000c\000e\000s\000a\000r\000e\000a\000\040\000d\000a\000t\000e\000l\000o\000r}{chapter.3}% 20
\BOOKMARK [2][-]{subsection.3.5.1}{\376\377\000D\000e\000s\000c\000a\000r\000c\000a\000r\000e\000a\000\040\000d\000a\000t\000e\000l\000o\000r}{section.3.5}% 21
\BOOKMARK [2][-]{subsection.3.5.2}{\376\377\000C\000a\000l\000c\000u\000l\000u\000l\000\040\000r\000a\000n\000d\000a\000m\000e\000n\000t\000e\000l\000o\000r\000\040\000l\000o\000g\000a\000r\000i\000t\000m\000i\000c\000e}{section.3.5}% 22
\BOOKMARK [2][-]{subsection.3.5.3}{\376\377\000S\000t\000r\000u\000c\000t\000u\000r\000a\000\040\000s\000e\000t\000u\000l\000u\000i\000\040\000d\000e\000\040\000d\000a\000t\000e}{section.3.5}% 23
\BOOKMARK [1][-]{section.3.6}{\376\377\000P\000r\000o\000p\000r\000i\000e\000t\000a\000t\000i\000\040\000s\000t\000a\000t\000i\000s\000t\000i\000c\000e\000\040\000a\000l\000e\000\040\000r\000a\000n\000d\000a\000m\000e\000n\000t\000e\000l\000o\000r}{chapter.3}% 24
\BOOKMARK [1][-]{section.3.7}{\376\377\000E\000t\000i\000c\000h\000e\000t\000a\000r\000e\000a\000\040\000a\000c\000t\000i\000v\000e\000l\000o\000r}{chapter.3}% 25
\BOOKMARK [0][-]{chapter.4}{\376\377\000M\000o\000d\000e\000l\000u\000l\000\040\000V\000A\000R}{}% 26
\BOOKMARK [1][-]{section.4.1}{\376\377\000S\000p\000e\000c\000i\000f\000i\000c\000a\000r\000e\000a\000\040\000m\000o\000d\000e\000l\000u\000l\000u\000i}{chapter.4}% 27
\BOOKMARK [1][-]{section.4.2}{\376\377\000S\000e\000l\000e\000c\000t\000i\000a\000\040\000o\000r\000d\000i\000n\000u\000l\000u\000i}{chapter.4}% 28
\BOOKMARK [2][-]{subsection.4.2.1}{\376\377\000F\000o\000r\000m\000a\000\040\000V\000A\000R\000\050\0001\000\051}{section.4.2}% 29
\BOOKMARK [1][-]{section.4.3}{\376\377\000S\000t\000r\000a\000t\000e\000g\000i\000a\000\040\000d\000e\000\040\000e\000s\000t\000i\000m\000a\000r\000e}{chapter.4}% 30
\BOOKMARK [1][-]{section.4.4}{\376\377\000S\000t\000r\000a\000t\000e\000g\000i\000a\000\040\000d\000e\000\040\000d\000i\000a\000g\000n\000o\000s\000t\000i\000c}{chapter.4}% 31
\BOOKMARK [1][-]{section.4.5}{\376\377\000E\000s\000t\000i\000m\000a\000r\000e\000a\000\040\000p\000r\000i\000n\000\040\000O\000L\000S}{chapter.4}% 32
\BOOKMARK [1][-]{section.4.6}{\376\377\000V\000e\000r\000i\000f\000i\000c\000a\000r\000e\000a\000\040\000s\000t\000a\000b\000i\000l\000i\000t\000a\000t\000i\000i}{chapter.4}% 33
\BOOKMARK [1][-]{section.4.7}{\376\377\000D\000i\000a\000g\000n\000o\000s\000t\000i\000c\000e\000l\000e\000\040\000m\000o\000d\000e\000l\000u\000l\000u\000i}{chapter.4}% 34
\BOOKMARK [2][-]{subsection.4.7.1}{\376\377\000T\000e\000s\000t\000u\000l\000\040\000P\000o\000r\000t\000m\000a\000n\000t\000e\000a\000u\000\040\000p\000e\000n\000t\000r\000u\000\040\000a\000u\000t\000o\000c\000o\000r\000e\000l\000a\000t\000i\000a\000\040\000r\000e\000z\000i\000d\000u\000u\000r\000i\000l\000o\000r}{section.4.7}% 35
\BOOKMARK [2][-]{subsection.4.7.2}{\376\377\000T\000e\000s\000t\000u\000l\000\040\000A\000R\000C\000H\000\040\000m\000u\000l\000t\000i\000v\000a\000r\000i\000a\000t}{section.4.7}% 36
\BOOKMARK [2][-]{subsection.4.7.3}{\376\377\000T\000e\000s\000t\000u\000l\000\040\000d\000e\000\040\000n\000o\000r\000m\000a\000l\000i\000t\000a\000t\000e}{section.4.7}% 37
\BOOKMARK [1][-]{section.4.8}{\376\377\000R\000o\000l\000u\000l\000\040\000r\000e\000z\000i\000d\000u\000u\000r\000i\000l\000o\000r\000\040\000i\000n\000\040\000a\000n\000a\000l\000i\000z\000a\000\040\000u\000l\000t\000e\000r\000i\000o\000a\000r\000a}{chapter.4}% 38
\BOOKMARK [0][-]{chapter.5}{\376\377\000E\000s\000t\000i\000m\000a\000r\000e\000a\000\040\000m\000a\000t\000r\000i\000c\000e\000i\000\040\000d\000e\000\040\000p\000r\000e\000c\000i\000z\000i\000e\000\040\000p\000r\000i\000n\000\040\000g\000r\000a\000p\000h\000i\000c\000a\000l\000\040\000l\000a\000s\000s\000o}{}% 39
\BOOKMARK [1][-]{section.5.1}{\376\377\000L\000i\000m\000i\000t\000e\000l\000e\000\040\000e\000s\000t\000i\000m\000a\000r\000i\000i\000\040\000d\000i\000r\000e\000c\000t\000e}{chapter.5}% 40
\BOOKMARK [1][-]{section.5.2}{\376\377\000P\000r\000o\000b\000l\000e\000m\000a\000\040\000d\000e\000\040\000o\000p\000t\000i\000m\000i\000z\000a\000r\000e\000\040\000p\000e\000n\000a\000l\000i\000z\000a\000t\000a}{chapter.5}% 41
\BOOKMARK [2][-]{subsection.5.2.1}{\376\377\000I\000n\000t\000e\000r\000p\000r\000e\000t\000a\000r\000e\000a\000\040\000t\000e\000r\000m\000e\000n\000i\000l\000o\000r}{section.5.2}% 42
\BOOKMARK [2][-]{subsection.5.2.2}{\376\377\000C\000o\000n\000v\000e\000x\000i\000t\000a\000t\000e\000\040\000s\000i\000\040\000e\000x\000i\000s\000t\000e\000n\000t\000a\000\040\000s\000o\000l\000u\000t\000i\000e\000i}{section.5.2}% 43
\BOOKMARK [2][-]{subsection.5.2.3}{\376\377\000A\000l\000g\000o\000r\000i\000t\000m\000\040\000d\000e\000\040\000r\000e\000z\000o\000l\000v\000a\000r\000e}{section.5.2}% 44
\BOOKMARK [1][-]{section.5.3}{\376\377\000S\000e\000l\000e\000c\000t\000i\000a\000\040\000p\000a\000r\000a\000m\000e\000t\000r\000u\000l\000u\000i\000\040\000d\000e\000\040\000r\000e\000g\000u\000l\000a\000r\000i\000z\000a\000r\000e}{chapter.5}% 45
\BOOKMARK [2][-]{subsection.5.3.1}{\376\377\000C\000r\000i\000t\000e\000r\000i\000u\000l\000\040\000B\000I\000C\000\040\000p\000e\000n\000t\000r\000u\000\040\000g\000r\000a\000p\000h\000i\000c\000a\000l\000\040\000m\000o\000d\000e\000l\000s}{section.5.3}% 46
\BOOKMARK [2][-]{subsection.5.3.2}{\376\377\000A\000n\000a\000l\000i\000z\000a\000\040\000p\000e\000\040\000g\000r\000i\000l\000a\000\040\000d\000e\000\040\000v\000a\000l\000o\000r\000i}{section.5.3}% 47
\BOOKMARK [1][-]{section.5.4}{\376\377\000P\000r\000o\000p\000r\000i\000e\000t\000a\000t\000i\000\040\000s\000t\000a\000t\000i\000s\000t\000i\000c\000e\000\040\000a\000l\000e\000\040\000e\000s\000t\000i\000m\000a\000t\000o\000r\000u\000l\000u\000i\000\040\000G\000L\000a\000s\000s\000o}{chapter.5}% 48
\BOOKMARK [1][-]{section.5.5}{\376\377\000D\000e\000\040\000l\000a\000\040\000m\000a\000t\000r\000i\000c\000e\000a\000\040\000d\000e\000\040\000p\000r\000e\000c\000i\000z\000i\000e\000\040\000l\000a\000\040\000r\000e\000t\000e\000a}{chapter.5}% 49
\BOOKMARK [1][-]{section.5.6}{\376\377\000L\000e\000g\000a\000t\000u\000r\000a\000\040\000c\000u\000\040\000i\000m\000p\000l\000e\000m\000e\000n\000t\000a\000r\000e\000a\000\040\000e\000m\000p\000i\000r\000i\000c\000a}{chapter.5}% 50
\BOOKMARK [0][-]{chapter.6}{\376\377\000A\000n\000a\000l\000i\000z\000a\000\040\000r\000e\000t\000e\000l\000e\000i\000\040\000f\000i\000n\000a\000n\000c\000i\000a\000r\000e}{}% 51
\BOOKMARK [1][-]{section.6.1}{\376\377\000C\000o\000n\000s\000t\000r\000u\000c\000t\000i\000a\000\040\000r\000e\000t\000e\000l\000e\000i}{chapter.6}% 52
\BOOKMARK [1][-]{section.6.2}{\376\377\000P\000r\000o\000p\000r\000i\000e\000t\000a\000t\000i\000\040\000g\000l\000o\000b\000a\000l\000e\000\040\000a\000l\000e\000\040\000g\000r\000a\000f\000u\000l\000u\000i}{chapter.6}% 53
\BOOKMARK [2][-]{subsection.6.2.1}{\376\377\000D\000e\000n\000s\000i\000t\000a\000t\000e\000a\000\040\000r\000e\000t\000e\000l\000e\000i}{section.6.2}% 54
\BOOKMARK [2][-]{subsection.6.2.2}{\376\377\000C\000o\000m\000p\000o\000n\000e\000n\000t\000a\000\040\000c\000o\000n\000e\000x\000a}{section.6.2}% 55
\BOOKMARK [2][-]{subsection.6.2.3}{\376\377\000D\000i\000a\000m\000e\000t\000r\000u\000l\000\040\000g\000r\000a\000f\000u\000l\000u\000i}{section.6.2}% 56
\BOOKMARK [1][-]{section.6.3}{\376\377\000M\000a\000s\000u\000r\000i\000\040\000d\000e\000\040\000c\000e\000n\000t\000r\000a\000l\000i\000t\000a\000t\000e}{chapter.6}% 57
\BOOKMARK [2][-]{subsection.6.3.1}{\376\377\000D\000e\000g\000r\000e\000e\000\040\000c\000e\000n\000t\000r\000a\000l\000i\000t\000y}{section.6.3}% 58
\BOOKMARK [2][-]{subsection.6.3.2}{\376\377\000S\000t\000r\000e\000n\000g\000t\000h\000\040\000\050\000g\000r\000a\000d\000u\000l\000\040\000p\000o\000n\000d\000e\000r\000a\000t\000\051}{section.6.3}% 59
\BOOKMARK [2][-]{subsection.6.3.3}{\376\377\000B\000e\000t\000w\000e\000e\000n\000n\000e\000s\000s\000\040\000c\000e\000n\000t\000r\000a\000l\000i\000t\000y}{section.6.3}% 60
\BOOKMARK [2][-]{subsection.6.3.4}{\376\377\000E\000i\000g\000e\000n\000v\000e\000c\000t\000o\000r\000\040\000c\000e\000n\000t\000r\000a\000l\000i\000t\000y}{section.6.3}% 61
\BOOKMARK [1][-]{section.6.4}{\376\377\000I\000n\000t\000e\000r\000p\000r\000e\000t\000a\000r\000e\000a\000\040\000s\000t\000r\000u\000c\000t\000u\000r\000i\000i\000\040\000g\000r\000a\000f\000u\000l\000u\000i}{chapter.6}% 62
\BOOKMARK [2][-]{subsection.6.4.1}{\376\377\000S\000e\000c\000t\000o\000a\000r\000e\000\040\000c\000e\000n\000t\000r\000a\000l\000e\000\040\000v\000s\000.\000\040\000p\000e\000r\000i\000f\000e\000r\000i\000c\000e}{section.6.4}% 63
\BOOKMARK [2][-]{subsection.6.4.2}{\376\377\000D\000i\000f\000e\000r\000e\000n\000t\000a\000\040\000f\000a\000t\000a\000\040\000d\000e\000\040\000a\000n\000a\000l\000i\000z\000a\000\040\000d\000e\000\040\000c\000o\000r\000e\000l\000a\000t\000i\000e}{section.6.4}% 64
\BOOKMARK [2][-]{subsection.6.4.3}{\376\377\000G\000r\000u\000p\000u\000r\000i\000\040\000d\000e\000\040\000s\000e\000c\000t\000o\000a\000r\000e}{section.6.4}% 65
\BOOKMARK [0][-]{chapter.7}{\376\377\000R\000e\000z\000u\000l\000t\000a\000t\000e}{}% 66
\BOOKMARK [1][-]{section.7.1}{\376\377\000R\000e\000z\000u\000l\000t\000a\000t\000e\000l\000e\000\040\000m\000o\000d\000e\000l\000u\000l\000u\000i\000\040\000V\000A\000R\000\050\0001\000\051}{chapter.7}% 67
\BOOKMARK [2][-]{subsection.7.1.1}{\376\377\000S\000e\000l\000e\000c\000t\000i\000a\000\040\000o\000r\000d\000i\000n\000u\000l\000u\000i}{section.7.1}% 68
\BOOKMARK [2][-]{subsection.7.1.2}{\376\377\000S\000t\000a\000b\000i\000l\000i\000t\000a\000t\000e\000\040\000s\000i\000\040\000d\000i\000a\000g\000n\000o\000s\000t\000i\000c\000e}{section.7.1}% 69
\BOOKMARK [2][-]{subsection.7.1.3}{\376\377\000M\000a\000t\000r\000i\000c\000e\000a\000\040\000d\000e\000\040\000c\000o\000v\000a\000r\000i\000a\000n\000t\000a\000\040\000a\000\040\000r\000e\000z\000i\000d\000u\000u\000r\000i\000l\000o\000r}{section.7.1}% 70
\BOOKMARK [1][-]{section.7.2}{\376\377\000R\000e\000z\000u\000l\000t\000a\000t\000e\000l\000e\000\040\000G\000r\000a\000p\000h\000i\000c\000a\000l\000\040\000L\000a\000s\000s\000o}{chapter.7}% 71
\BOOKMARK [2][-]{subsection.7.2.1}{\376\377\000S\000e\000l\000e\000c\000t\000i\000a\000\040\000p\000a\000r\000a\000m\000e\000t\000r\000u\000l\000u\000i\000\040\000d\000e\000\040\000r\000e\000g\000u\000l\000a\000r\000i\000z\000a\000r\000e}{section.7.2}% 72
\BOOKMARK [2][-]{subsection.7.2.2}{\376\377\000S\000p\000a\000r\000s\000i\000t\000a\000t\000e\000a\000\040\000m\000a\000t\000r\000i\000c\000e\000i\000\040\000d\000e\000\040\000p\000r\000e\000c\000i\000z\000i\000e}{section.7.2}% 73
\BOOKMARK [2][-]{subsection.7.2.3}{\376\377\000I\000n\000t\000e\000r\000p\000r\000e\000t\000a\000r\000e\000a\000\040\000e\000l\000e\000m\000e\000n\000t\000e\000l\000o\000r\000\040\000n\000e\000n\000u\000l\000e}{section.7.2}% 74
\BOOKMARK [1][-]{section.7.3}{\376\377\000S\000t\000r\000u\000c\000t\000u\000r\000a\000\040\000r\000e\000t\000e\000l\000e\000i\000\040\000f\000i\000n\000a\000n\000c\000i\000a\000r\000e}{chapter.7}% 75
\BOOKMARK [2][-]{subsection.7.3.1}{\376\377\000V\000i\000z\000u\000a\000l\000i\000z\000a\000r\000e\000a\000\040\000g\000r\000a\000f\000u\000l\000u\000i}{section.7.3}% 76
\BOOKMARK [2][-]{subsection.7.3.2}{\376\377\000C\000e\000l\000e\000\040\000m\000a\000i\000\040\000i\000m\000p\000o\000r\000t\000a\000n\000t\000e\000\040\000m\000u\000c\000h\000i\000i}{section.7.3}% 77
\BOOKMARK [1][-]{section.7.4}{\376\377\000M\000a\000s\000u\000r\000i\000\040\000d\000e\000\040\000c\000e\000n\000t\000r\000a\000l\000i\000t\000a\000t\000e\000:\000\040\000r\000e\000z\000u\000l\000t\000a\000t\000e}{chapter.7}% 78
\BOOKMARK [2][-]{subsection.7.4.1}{\376\377\000D\000e\000g\000r\000e\000e\000\040\000c\000e\000n\000t\000r\000a\000l\000i\000t\000y}{section.7.4}% 79
\BOOKMARK [2][-]{subsection.7.4.2}{\376\377\000S\000t\000r\000e\000n\000g\000t\000h\000\040\000\050\000g\000r\000a\000d\000\040\000p\000o\000n\000d\000e\000r\000a\000t\000\051}{section.7.4}% 80
\BOOKMARK [2][-]{subsection.7.4.3}{\376\377\000B\000e\000t\000w\000e\000e\000n\000n\000e\000s\000s\000\040\000c\000e\000n\000t\000r\000a\000l\000i\000t\000y}{section.7.4}% 81
\BOOKMARK [2][-]{subsection.7.4.4}{\376\377\000E\000i\000g\000e\000n\000v\000e\000c\000t\000o\000r\000\040\000c\000e\000n\000t\000r\000a\000l\000i\000t\000y}{section.7.4}% 82
\BOOKMARK [1][-]{section.7.5}{\376\377\000R\000a\000n\000k\000i\000n\000g\000\040\000s\000e\000c\000t\000o\000r\000i\000a\000l\000:\000\040\000r\000e\000t\000e\000a\000u\000a\000\040\000p\000a\000r\000t\000i\000a\000l\000-\000c\000o\000r\000r}{chapter.7}% 83
\BOOKMARK [1][-]{section.7.6}{\376\377\000R\000a\000n\000k\000i\000n\000g\000\040\000s\000e\000c\000t\000o\000r\000i\000a\000l\000:\000\040\000r\000e\000t\000e\000a\000u\000a\000\040\000G\000r\000a\000n\000g\000e\000r}{chapter.7}% 84
\BOOKMARK [1][-]{section.7.7}{\376\377\000I\000n\000t\000e\000r\000p\000r\000e\000t\000a\000r\000e\000\040\000s\000t\000a\000t\000i\000s\000t\000i\000c\000a\000\040\000a\000\040\000r\000e\000z\000u\000l\000t\000a\000t\000e\000l\000o\000r}{chapter.7}% 85
\BOOKMARK [0][-]{chapter.8}{\376\377\000A\000n\000a\000l\000i\000z\000a\000\040\000p\000e\000\040\000f\000e\000r\000e\000s\000t\000r\000e\000\040\000t\000e\000m\000p\000o\000r\000a\000l\000e}{}% 86
\BOOKMARK [1][-]{section.8.1}{\376\377\000M\000e\000t\000o\000d\000o\000l\000o\000g\000i\000a\000\040\000f\000e\000r\000e\000s\000t\000r\000e\000l\000o\000r\000\040\000t\000e\000m\000p\000o\000r\000a\000l\000e}{chapter.8}% 87
\BOOKMARK [2][-]{subsection.8.1.1}{\376\377\000D\000e\000f\000i\000n\000i\000t\000i\000a\000\040\000f\000e\000r\000e\000s\000t\000r\000e\000i\000\040\000r\000u\000l\000a\000n\000t\000e}{section.8.1}% 88
\BOOKMARK [2][-]{subsection.8.1.2}{\376\377\000A\000l\000e\000g\000e\000r\000e\000a\000\040\000d\000i\000m\000e\000n\000s\000i\000u\000n\000i\000i\000\040\000f\000e\000r\000e\000s\000t\000r\000e\000i}{section.8.1}% 89
\BOOKMARK [1][-]{section.8.2}{\376\377\000I\000n\000d\000i\000c\000a\000t\000o\000r\000i\000\040\000d\000i\000n\000a\000m\000i\000c\000i\000\040\000a\000i\000\040\000r\000e\000t\000e\000l\000e\000i}{chapter.8}% 90
\BOOKMARK [2][-]{subsection.8.2.1}{\376\377\000E\000v\000o\000l\000u\000t\000i\000a\000\040\000s\000t\000r\000e\000n\000g\000t\000h\000-\000u\000l\000u\000i\000\040\000s\000e\000c\000t\000o\000r\000i\000a\000l\000\040\000\050\000r\000e\000t\000e\000a\000u\000a\000\040\000p\000a\000r\000t\000i\000a\000l\000-\000c\000o\000r\000r\000\051}{section.8.2}% 91
\BOOKMARK [2][-]{subsection.8.2.2}{\376\377\000E\000v\000o\000l\000u\000t\000i\000a\000\040\000P\000a\000g\000e\000R\000a\000n\000k\000-\000u\000l\000u\000i\000\040\000s\000e\000c\000t\000o\000r\000i\000a\000l\000\040\000\050\000r\000e\000t\000e\000a\000u\000a\000\040\000G\000r\000a\000n\000g\000e\000r\000\051}{section.8.2}% 92
\BOOKMARK [2][-]{subsection.8.2.3}{\376\377\000E\000v\000o\000l\000u\000t\000i\000a\000\040\000o\000u\000t\000-\000d\000e\000g\000r\000e\000e\000-\000u\000l\000u\000i\000\040\000\050\000r\000e\000t\000e\000a\000u\000a\000\040\000G\000r\000a\000n\000g\000e\000r\000\051}{section.8.2}% 93
\BOOKMARK [1][-]{section.8.3}{\376\377\000A\000n\000a\000l\000i\000z\000a\000\040\000p\000e\000\040\000s\000u\000b\000-\000e\000s\000a\000n\000t\000i\000o\000a\000n\000e}{chapter.8}% 94
\BOOKMARK [2][-]{subsection.8.3.1}{\376\377\000M\000o\000t\000i\000v\000a\000t\000i\000e\000\040\000s\000i\000\040\000d\000e\000f\000i\000n\000i\000r\000e\000a\000\040\000p\000e\000r\000i\000o\000a\000d\000e\000l\000o\000r}{section.8.3}% 95
\BOOKMARK [2][-]{subsection.8.3.2}{\376\377\000R\000e\000t\000e\000a\000u\000a\000\040\000p\000a\000r\000t\000i\000a\000l\000-\000c\000o\000r\000r\000:\000\040\000s\000t\000a\000b\000i\000l\000i\000t\000a\000t\000e\000a\000\040\000i\000e\000r\000a\000r\000h\000i\000e\000i}{section.8.3}% 96
\BOOKMARK [2][-]{subsection.8.3.3}{\376\377\000R\000e\000t\000e\000a\000u\000a\000\040\000G\000r\000a\000n\000g\000e\000r\000:\000\040\000r\000o\000t\000a\000t\000i\000a\000\040\000i\000e\000r\000a\000r\000h\000i\000e\000i\000\040\000p\000r\000e\000d\000i\000c\000t\000i\000v\000e}{section.8.3}% 97
\BOOKMARK [1][-]{section.8.4}{\376\377\000I\000n\000t\000e\000r\000p\000r\000e\000t\000a\000r\000e\000a\000\040\000d\000i\000n\000a\000m\000i\000c\000a\000\040\000a\000\040\000r\000e\000z\000u\000l\000t\000a\000t\000e\000l\000o\000r}{chapter.8}% 98
\BOOKMARK [1][-]{section.8.5}{\376\377\000L\000i\000m\000i\000t\000e\000l\000e\000\040\000a\000n\000a\000l\000i\000z\000e\000i\000\040\000d\000i\000n\000a\000m\000i\000c\000e}{chapter.8}% 99
\BOOKMARK [0][-]{chapter.9}{\376\377\000D\000i\000s\000c\000u\000t\000i\000i\000\040\000s\000i\000\040\000l\000i\000m\000i\000t\000e}{}% 100
\BOOKMARK [1][-]{section.9.1}{\376\377\000A\000v\000a\000n\000t\000a\000j\000e\000l\000e\000\040\000m\000e\000t\000o\000d\000o\000l\000o\000g\000i\000c\000e\000\040\000a\000l\000e\000\040\000a\000b\000o\000r\000d\000a\000r\000i\000i}{chapter.9}% 101
\BOOKMARK [2][-]{subsection.9.1.1}{\376\377\000S\000e\000p\000a\000r\000a\000r\000e\000a\000\040\000d\000e\000p\000e\000n\000d\000e\000n\000t\000e\000i\000\040\000t\000e\000m\000p\000o\000r\000a\000l\000e\000\040\000d\000e\000\040\000c\000e\000a\000\040\000c\000o\000n\000t\000e\000m\000p\000o\000r\000a\000n\000a}{section.9.1}% 102
\BOOKMARK [2][-]{subsection.9.1.2}{\376\377\000I\000d\000e\000n\000t\000i\000f\000i\000c\000a\000r\000e\000a\000\040\000d\000e\000p\000e\000n\000d\000e\000n\000t\000e\000l\000o\000r\000\040\000c\000o\000n\000d\000i\000t\000i\000o\000n\000a\000l\000e}{section.9.1}% 103
\BOOKMARK [2][-]{subsection.9.1.3}{\376\377\000P\000a\000r\000s\000i\000m\000o\000n\000i\000e\000\040\000s\000i\000\040\000i\000n\000t\000e\000r\000p\000r\000e\000t\000a\000b\000i\000l\000i\000t\000a\000t\000e}{section.9.1}% 104
\BOOKMARK [1][-]{section.9.2}{\376\377\000L\000i\000m\000i\000t\000e\000l\000e\000\040\000a\000n\000a\000l\000i\000z\000e\000i}{chapter.9}% 105
\BOOKMARK [2][-]{subsection.9.2.1}{\376\377\000D\000i\000m\000e\000n\000s\000i\000u\000n\000e\000a\000\040\000e\000s\000a\000n\000t\000i\000o\000n\000u\000l\000u\000i}{section.9.2}% 106
\BOOKMARK [2][-]{subsection.9.2.2}{\376\377\000L\000i\000n\000e\000a\000r\000i\000t\000a\000t\000e\000a\000\040\000m\000o\000d\000e\000l\000u\000l\000u\000i\000\040\000V\000A\000R}{section.9.2}% 107
\BOOKMARK [2][-]{subsection.9.2.3}{\376\377\000S\000e\000l\000e\000c\000t\000i\000a\000\040\000a\000c\000t\000i\000v\000e\000l\000o\000r\000\040\000s\000i\000\040\000a\000g\000r\000e\000g\000a\000r\000e\000a}{section.9.2}% 108
\BOOKMARK [2][-]{subsection.9.2.4}{\376\377\000D\000e\000p\000e\000n\000d\000e\000n\000t\000a\000\040\000d\000e\000\040\000p\000a\000r\000a\000m\000e\000t\000r\000u\000l\000\040\000d\000e\000\040\000r\000e\000g\000u\000l\000a\000r\000i\000z\000a\000r\000e}{section.9.2}% 109
\BOOKMARK [2][-]{subsection.9.2.5}{\376\377\000A\000b\000s\000e\000n\000t\000a\000\040\000c\000a\000u\000z\000a\000l\000i\000t\000a\000t\000i\000i}{section.9.2}% 110
\BOOKMARK [1][-]{section.9.3}{\376\377\000D\000i\000r\000e\000c\000t\000i\000i\000\040\000d\000e\000\040\000d\000e\000z\000v\000o\000l\000t\000a\000r\000e\000\040\000u\000l\000t\000e\000r\000i\000o\000a\000r\000a}{chapter.9}% 111
\BOOKMARK [0][-]{chapter.10}{\376\377\000C\000o\000n\000c\000l\000u\000z\000i\000i}{}% 112
\BOOKMARK [1][-]{section.10.1}{\376\377\000S\000i\000n\000t\000e\000z\000a\000\040\000m\000e\000t\000o\000d\000o\000l\000o\000g\000i\000c\000a}{chapter.10}% 113
\BOOKMARK [1][-]{section.10.2}{\376\377\000C\000o\000n\000t\000r\000i\000b\000u\000t\000i\000i\000\040\000p\000r\000i\000n\000c\000i\000p\000a\000l\000e}{chapter.10}% 114
\BOOKMARK [1][-]{section.10.3}{\376\377\000C\000o\000n\000c\000l\000u\000z\000i\000i\000\040\000s\000t\000a\000t\000i\000s\000t\000i\000c\000e\000\040\000s\000i\000\040\000m\000a\000t\000e\000m\000a\000t\000i\000c\000e}{chapter.10}% 115
\BOOKMARK [1][-]{section.10.4}{\376\377\000C\000o\000n\000c\000l\000u\000z\000i\000e\000\040\000f\000i\000n\000a\000l\000a}{chapter.10}% 116
\BOOKMARK [0][-]{section*.16}{\376\377\000B\000i\000b\000l\000i\000o\000g\000r\000a\000f\000i\000e}{}% 117
\BOOKMARK [0][-]{chapter*.18}{\376\377\000A\000n\000e\000x\000e}{}% 118
\BOOKMARK [1][-]{section.10.5}{\376\377\000B\000i\000b\000l\000i\000o\000g\000r\000a\000f\000i\000a\000\040\000f\000i\000g\000u\000r\000i\000l\000o\000r\000\040\000s\000i\000\040\000t\000a\000b\000e\000l\000e\000l\000o\000r}{chapter*.18}% 119
\BOOKMARK [1][-]{section.10.6}{\376\377\000F\000r\000a\000g\000m\000e\000n\000t\000e\000\040\000r\000e\000l\000e\000v\000a\000n\000t\000e\000\040\000d\000e\000\040\000c\000o\000d}{chapter*.18}% 120
\BOOKMARK [2][-]{subsection.10.6.1}{\376\377\000D\000e\000s\000c\000a\000r\000c\000a\000r\000e\000a\000\040\000d\000a\000t\000e\000l\000o\000r\000\040\000s\000i\000\040\000c\000a\000l\000c\000u\000l\000u\000l\000\040\000r\000a\000n\000d\000a\000m\000e\000n\000t\000e\000l\000o\000r\000\040\000l\000o\000g\000a\000r\000i\000t\000m\000i\000c\000e}{section.10.6}% 121
\BOOKMARK [2][-]{subsection.10.6.2}{\376\377\000E\000s\000t\000i\000m\000a\000r\000e\000a\000\040\000m\000o\000d\000e\000l\000u\000l\000u\000i\000\040\000V\000A\000R\000\040\000s\000i\000\040\000e\000x\000t\000r\000a\000g\000e\000r\000e\000a\000\040\000r\000e\000z\000i\000d\000u\000u\000r\000i\000l\000o\000r}{section.10.6}% 122
\BOOKMARK [2][-]{subsection.10.6.3}{\376\377\000E\000s\000t\000i\000m\000a\000r\000e\000a\000\040\000m\000a\000t\000r\000i\000c\000e\000i\000\040\000d\000e\000\040\000p\000r\000e\000c\000i\000z\000i\000e\000\040\000p\000r\000i\000n\000\040\000g\000r\000a\000p\000h\000i\000c\000a\000l\000\040\000l\000a\000s\000s\000o}{section.10.6}% 123
\BOOKMARK [2][-]{subsection.10.6.4}{\376\377\000C\000o\000n\000s\000t\000r\000u\000c\000t\000i\000a\000\040\000r\000e\000t\000e\000l\000e\000i\000\040\000f\000i\000n\000a\000n\000c\000i\000a\000r\000e\000\040\000b\000a\000z\000a\000t\000e\000\040\000p\000e\000\040\000c\000o\000r\000e\000l\000a\000t\000i\000i\000\040\000p\000a\000r\000t\000i\000a\000l\000e}{section.10.6}% 124
\BOOKMARK [2][-]{subsection.10.6.5}{\376\377\000C\000a\000l\000c\000u\000l\000u\000l\000\040\000m\000a\000s\000u\000r\000i\000l\000o\000r\000\040\000d\000e\000\040\000c\000e\000n\000t\000r\000a\000l\000i\000t\000a\000t\000e}{section.10.6}% 125
\BOOKMARK [2][-]{subsection.10.6.6}{\376\377\000A\000n\000a\000l\000i\000z\000a\000\040\000p\000e\000\040\000f\000e\000r\000e\000s\000t\000r\000e\000\040\000t\000e\000m\000p\000o\000r\000a\000l\000e}{section.10.6}% 126
